<?xml version="1.0" encoding="UTF-8"?>
<!-- Generated by org.testng.reporters.JUnitXMLReporter -->
<testsuite ignored="0" hostname="LEENAAI-BJNX1B3" failures="1" tests="4" name="Submit Order test" time="78.485" errors="0" timestamp="2024-04-01T11:48:31 IST">
  <testcase classname="PersonalFile.Framework1.Testingstandalone" name="submitOrder" time="17.458"/>
  <testcase classname="PersonalFile.Framework1.Testingstandalone" name="submitOrder" time="13.714">
    <skipped/>
  </testcase> <!-- submitOrder -->
  <testcase classname="PersonalFile.Framework1.Testingstandalone" name="submitOrder" time="13.729">
    <failure type="java.lang.AssertionError" message="expected [true] but found [false]">
      <![CDATA[java.lang.AssertionError: expected [true] but found [false]
at PersonalFile.Framework1.Testingstandalone.submitOrder(Testingstandalone.java:49)
at java.base/java.util.ArrayList.forEach(ArrayList.java:1511)
at java.base/java.util.concurrent.FutureTask.run(FutureTask.java:317)
at java.base/java.util.concurrent.ThreadPoolExecutor.runWorker(ThreadPoolExecutor.java:1144)
at java.base/java.util.concurrent.ThreadPoolExecutor$Worker.run(ThreadPoolExecutor.java:642)
at java.base/java.lang.Thread.run(Thread.java:1589)
... Removed 19 stack frames]]>
    </failure>
  </testcase> <!-- submitOrder -->
  <testcase classname="PersonalFile.Framework1.Testingstandalone" name="OrderHistoryTest" time="0.648"/>
</testsuite> <!-- Submit Order test -->
